mode: set
github.com/go-park-mail-ru/2026_1_NaNcats/internal/usecase/auth.go:31.83,36.2 1 1
github.com/go-park-mail-ru/2026_1_NaNcats/internal/usecase/auth.go:38.38,39.40 1 1
github.com/go-park-mail-ru/2026_1_NaNcats/internal/usecase/auth.go:39.40,41.3 1 0
github.com/go-park-mail-ru/2026_1_NaNcats/internal/usecase/auth.go:44.2,45.16 2 1
github.com/go-park-mail-ru/2026_1_NaNcats/internal/usecase/auth.go:45.16,47.3 1 1
github.com/go-park-mail-ru/2026_1_NaNcats/internal/usecase/auth.go:49.2,49.35 1 1
github.com/go-park-mail-ru/2026_1_NaNcats/internal/usecase/auth.go:49.35,51.3 1 0
github.com/go-park-mail-ru/2026_1_NaNcats/internal/usecase/auth.go:55.2,55.27 1 1
github.com/go-park-mail-ru/2026_1_NaNcats/internal/usecase/auth.go:55.27,57.3 1 0
github.com/go-park-mail-ru/2026_1_NaNcats/internal/usecase/auth.go:59.2,59.13 1 1
github.com/go-park-mail-ru/2026_1_NaNcats/internal/usecase/auth.go:63.108,66.31 2 1
github.com/go-park-mail-ru/2026_1_NaNcats/internal/usecase/auth.go:66.31,68.3 1 1
github.com/go-park-mail-ru/2026_1_NaNcats/internal/usecase/auth.go:71.2,72.16 2 1
github.com/go-park-mail-ru/2026_1_NaNcats/internal/usecase/auth.go:72.16,74.3 1 0
github.com/go-park-mail-ru/2026_1_NaNcats/internal/usecase/auth.go:76.2,83.16 5 1
github.com/go-park-mail-ru/2026_1_NaNcats/internal/usecase/auth.go:83.16,85.3 1 1
github.com/go-park-mail-ru/2026_1_NaNcats/internal/usecase/auth.go:87.2,91.16 3 1
github.com/go-park-mail-ru/2026_1_NaNcats/internal/usecase/auth.go:91.16,93.3 1 0
github.com/go-park-mail-ru/2026_1_NaNcats/internal/usecase/auth.go:95.2,95.34 1 1
github.com/go-park-mail-ru/2026_1_NaNcats/internal/usecase/auth.go:98.105,100.16 2 0
github.com/go-park-mail-ru/2026_1_NaNcats/internal/usecase/auth.go:100.16,102.3 1 0
github.com/go-park-mail-ru/2026_1_NaNcats/internal/usecase/auth.go:104.2,105.16 2 0
github.com/go-park-mail-ru/2026_1_NaNcats/internal/usecase/auth.go:105.16,107.3 1 0
github.com/go-park-mail-ru/2026_1_NaNcats/internal/usecase/auth.go:109.2,110.16 2 0
github.com/go-park-mail-ru/2026_1_NaNcats/internal/usecase/auth.go:110.16,112.3 1 0
github.com/go-park-mail-ru/2026_1_NaNcats/internal/usecase/auth.go:114.2,114.38 1 0
github.com/go-park-mail-ru/2026_1_NaNcats/internal/usecase/auth.go:117.78,119.16 2 0
github.com/go-park-mail-ru/2026_1_NaNcats/internal/usecase/auth.go:119.16,121.3 1 0
github.com/go-park-mail-ru/2026_1_NaNcats/internal/usecase/auth.go:123.2,123.12 1 0
github.com/go-park-mail-ru/2026_1_NaNcats/internal/usecase/auth.go:127.92,129.16 2 0
github.com/go-park-mail-ru/2026_1_NaNcats/internal/usecase/auth.go:129.16,131.3 1 0
github.com/go-park-mail-ru/2026_1_NaNcats/internal/usecase/auth.go:133.2,134.16 2 0
github.com/go-park-mail-ru/2026_1_NaNcats/internal/usecase/auth.go:134.16,136.3 1 0
github.com/go-park-mail-ru/2026_1_NaNcats/internal/usecase/auth.go:138.2,138.18 1 0
github.com/go-park-mail-ru/2026_1_NaNcats/internal/usecase/auth.go:142.94,144.16 2 0
github.com/go-park-mail-ru/2026_1_NaNcats/internal/usecase/auth.go:144.16,146.3 1 0
github.com/go-park-mail-ru/2026_1_NaNcats/internal/usecase/auth.go:148.2,148.18 1 0
github.com/go-park-mail-ru/2026_1_NaNcats/internal/usecase/image.go:17.63,21.2 1 0
github.com/go-park-mail-ru/2026_1_NaNcats/internal/usecase/image.go:23.87,25.16 2 0
github.com/go-park-mail-ru/2026_1_NaNcats/internal/usecase/image.go:25.16,27.3 1 0
github.com/go-park-mail-ru/2026_1_NaNcats/internal/usecase/image.go:29.2,29.19 1 0
github.com/go-park-mail-ru/2026_1_NaNcats/internal/usecase/restaurant.go:18.97,22.2 1 0
github.com/go-park-mail-ru/2026_1_NaNcats/internal/usecase/restaurant.go:24.124,26.2 1 0
github.com/go-park-mail-ru/2026_1_NaNcats/internal/usecase/session.go:29.91,34.2 1 0
github.com/go-park-mail-ru/2026_1_NaNcats/internal/usecase/session.go:36.96,55.16 5 0
github.com/go-park-mail-ru/2026_1_NaNcats/internal/usecase/session.go:55.16,57.3 1 0
github.com/go-park-mail-ru/2026_1_NaNcats/internal/usecase/session.go:59.2,59.21 1 0
github.com/go-park-mail-ru/2026_1_NaNcats/internal/usecase/session.go:63.93,66.16 2 0
github.com/go-park-mail-ru/2026_1_NaNcats/internal/usecase/session.go:66.16,69.3 1 0
github.com/go-park-mail-ru/2026_1_NaNcats/internal/usecase/session.go:72.2,72.41 1 0
github.com/go-park-mail-ru/2026_1_NaNcats/internal/usecase/session.go:72.41,78.3 2 0
github.com/go-park-mail-ru/2026_1_NaNcats/internal/usecase/session.go:81.2,81.28 1 0
github.com/go-park-mail-ru/2026_1_NaNcats/internal/usecase/session.go:84.82,87.2 1 0
github.com/go-park-mail-ru/2026_1_NaNcats/internal/repository/memory/image_storage.go:15.48,19.2 1 0
github.com/go-park-mail-ru/2026_1_NaNcats/internal/repository/memory/image_storage.go:21.87,26.16 4 0
github.com/go-park-mail-ru/2026_1_NaNcats/internal/repository/memory/image_storage.go:26.16,28.3 1 0
github.com/go-park-mail-ru/2026_1_NaNcats/internal/repository/memory/image_storage.go:30.2,30.19 1 0
github.com/go-park-mail-ru/2026_1_NaNcats/internal/repository/memory/restaurant_repo.go:20.68,24.2 1 0
github.com/go-park-mail-ru/2026_1_NaNcats/internal/repository/memory/restaurant_repo.go:26.120,34.57 4 0
github.com/go-park-mail-ru/2026_1_NaNcats/internal/repository/memory/restaurant_repo.go:34.57,36.3 1 0
github.com/go-park-mail-ru/2026_1_NaNcats/internal/repository/memory/restaurant_repo.go:38.2,38.56 1 0
github.com/go-park-mail-ru/2026_1_NaNcats/internal/repository/memory/restaurant_repo.go:38.56,39.87 1 0
github.com/go-park-mail-ru/2026_1_NaNcats/internal/repository/memory/restaurant_repo.go:39.87,42.4 1 0
github.com/go-park-mail-ru/2026_1_NaNcats/internal/repository/memory/restaurant_repo.go:45.3,45.71 1 0
github.com/go-park-mail-ru/2026_1_NaNcats/internal/repository/memory/restaurant_repo.go:48.2,50.21 2 0
github.com/go-park-mail-ru/2026_1_NaNcats/internal/repository/memory/restaurant_repo.go:50.21,52.3 1 0
github.com/go-park-mail-ru/2026_1_NaNcats/internal/repository/memory/restaurant_repo.go:54.2,55.17 2 0
github.com/go-park-mail-ru/2026_1_NaNcats/internal/repository/memory/restaurant_repo.go:55.17,57.3 1 0
github.com/go-park-mail-ru/2026_1_NaNcats/internal/repository/memory/restaurant_repo.go:59.2,59.42 1 0
github.com/go-park-mail-ru/2026_1_NaNcats/internal/repository/memory/session_repo.go:19.52,23.2 1 0
github.com/go-park-mail-ru/2026_1_NaNcats/internal/repository/memory/session_repo.go:25.81,31.2 4 0
github.com/go-park-mail-ru/2026_1_NaNcats/internal/repository/memory/session_repo.go:33.97,38.13 4 0
github.com/go-park-mail-ru/2026_1_NaNcats/internal/repository/memory/session_repo.go:38.13,40.3 1 0
github.com/go-park-mail-ru/2026_1_NaNcats/internal/repository/memory/session_repo.go:42.2,42.21 1 0
github.com/go-park-mail-ru/2026_1_NaNcats/internal/repository/memory/session_repo.go:45.78,51.2 4 0
github.com/go-park-mail-ru/2026_1_NaNcats/internal/repository/memory/user_repo.go:20.46,24.2 1 1
github.com/go-park-mail-ru/2026_1_NaNcats/internal/repository/memory/user_repo.go:27.89,34.34 4 1
github.com/go-park-mail-ru/2026_1_NaNcats/internal/repository/memory/user_repo.go:34.34,35.34 1 1
github.com/go-park-mail-ru/2026_1_NaNcats/internal/repository/memory/user_repo.go:35.34,37.4 1 1
github.com/go-park-mail-ru/2026_1_NaNcats/internal/repository/memory/user_repo.go:40.2,43.21 3 1
github.com/go-park-mail-ru/2026_1_NaNcats/internal/repository/memory/user_repo.go:47.91,54.31 4 0
github.com/go-park-mail-ru/2026_1_NaNcats/internal/repository/memory/user_repo.go:54.31,55.31 1 0
github.com/go-park-mail-ru/2026_1_NaNcats/internal/repository/memory/user_repo.go:55.31,57.4 1 0
github.com/go-park-mail-ru/2026_1_NaNcats/internal/repository/memory/user_repo.go:60.2,60.46 1 0
github.com/go-park-mail-ru/2026_1_NaNcats/internal/repository/memory/user_repo.go:63.88,68.13 4 0
github.com/go-park-mail-ru/2026_1_NaNcats/internal/repository/memory/user_repo.go:68.13,70.3 1 0
github.com/go-park-mail-ru/2026_1_NaNcats/internal/repository/memory/user_repo.go:72.2,72.18 1 0
github.com/go-park-mail-ru/2026_1_NaNcats/cmd/api/main.go:23.13,25.16 2 0
github.com/go-park-mail-ru/2026_1_NaNcats/cmd/api/main.go:25.16,27.3 1 0
github.com/go-park-mail-ru/2026_1_NaNcats/cmd/api/main.go:29.2,79.16 27 0
github.com/go-park-mail-ru/2026_1_NaNcats/cmd/api/main.go:79.16,81.3 1 0
github.com/go-park-mail-ru/2026_1_NaNcats/docs/docs.go:272.13,274.2 1 0
github.com/go-park-mail-ru/2026_1_NaNcats/internal/delivery/middleware/auth.go:27.68,31.2 1 0
github.com/go-park-mail-ru/2026_1_NaNcats/internal/delivery/middleware/auth.go:34.70,35.71 1 0
github.com/go-park-mail-ru/2026_1_NaNcats/internal/delivery/middleware/auth.go:35.71,37.17 2 0
github.com/go-park-mail-ru/2026_1_NaNcats/internal/delivery/middleware/auth.go:37.17,40.4 2 0
github.com/go-park-mail-ru/2026_1_NaNcats/internal/delivery/middleware/auth.go:42.3,43.17 2 0
github.com/go-park-mail-ru/2026_1_NaNcats/internal/delivery/middleware/auth.go:43.17,45.4 1 0
github.com/go-park-mail-ru/2026_1_NaNcats/internal/delivery/middleware/auth.go:47.3,50.17 3 0
github.com/go-park-mail-ru/2026_1_NaNcats/internal/delivery/middleware/auth.go:50.17,53.4 2 0
github.com/go-park-mail-ru/2026_1_NaNcats/internal/delivery/middleware/auth.go:56.3,59.48 2 0
github.com/go-park-mail-ru/2026_1_NaNcats/internal/delivery/middleware/cors.go:9.58,13.2 1 0
github.com/go-park-mail-ru/2026_1_NaNcats/internal/delivery/middleware/cors.go:17.66,18.71 1 0
github.com/go-park-mail-ru/2026_1_NaNcats/internal/delivery/middleware/cors.go:18.71,22.38 3 0
github.com/go-park-mail-ru/2026_1_NaNcats/internal/delivery/middleware/cors.go:22.38,23.19 1 0
github.com/go-park-mail-ru/2026_1_NaNcats/internal/delivery/middleware/cors.go:23.19,25.10 2 0
github.com/go-park-mail-ru/2026_1_NaNcats/internal/delivery/middleware/cors.go:29.3,29.16 1 0
github.com/go-park-mail-ru/2026_1_NaNcats/internal/delivery/middleware/cors.go:29.16,38.4 4 0
github.com/go-park-mail-ru/2026_1_NaNcats/internal/delivery/middleware/cors.go:41.3,41.37 1 0
github.com/go-park-mail-ru/2026_1_NaNcats/internal/delivery/middleware/cors.go:41.37,45.4 2 0
github.com/go-park-mail-ru/2026_1_NaNcats/internal/delivery/middleware/cors.go:48.3,48.23 1 0
github.com/go-park-mail-ru/2026_1_NaNcats/internal/delivery/handler/auth.go:59.59,63.2 1 0
github.com/go-park-mail-ru/2026_1_NaNcats/internal/delivery/handler/auth.go:75.72,81.16 3 0
github.com/go-park-mail-ru/2026_1_NaNcats/internal/delivery/handler/auth.go:81.16,84.3 2 0
github.com/go-park-mail-ru/2026_1_NaNcats/internal/delivery/handler/auth.go:87.2,99.16 4 0
github.com/go-park-mail-ru/2026_1_NaNcats/internal/delivery/handler/auth.go:99.16,103.3 2 0
github.com/go-park-mail-ru/2026_1_NaNcats/internal/delivery/handler/auth.go:105.2,115.44 3 0
github.com/go-park-mail-ru/2026_1_NaNcats/internal/delivery/handler/auth.go:128.69,132.16 3 0
github.com/go-park-mail-ru/2026_1_NaNcats/internal/delivery/handler/auth.go:132.16,135.3 2 0
github.com/go-park-mail-ru/2026_1_NaNcats/internal/delivery/handler/auth.go:137.2,145.16 4 0
github.com/go-park-mail-ru/2026_1_NaNcats/internal/delivery/handler/auth.go:145.16,148.3 2 0
github.com/go-park-mail-ru/2026_1_NaNcats/internal/delivery/handler/auth.go:150.2,157.39 3 0
github.com/go-park-mail-ru/2026_1_NaNcats/internal/delivery/handler/auth.go:170.70,172.16 2 0
github.com/go-park-mail-ru/2026_1_NaNcats/internal/delivery/handler/auth.go:172.16,175.3 2 0
github.com/go-park-mail-ru/2026_1_NaNcats/internal/delivery/handler/auth.go:177.2,178.16 2 0
github.com/go-park-mail-ru/2026_1_NaNcats/internal/delivery/handler/auth.go:178.16,180.3 1 0
github.com/go-park-mail-ru/2026_1_NaNcats/internal/delivery/handler/auth.go:182.2,185.16 3 0
github.com/go-park-mail-ru/2026_1_NaNcats/internal/delivery/handler/auth.go:185.16,188.3 2 0
github.com/go-park-mail-ru/2026_1_NaNcats/internal/delivery/handler/auth.go:191.2,192.38 2 0
github.com/go-park-mail-ru/2026_1_NaNcats/internal/delivery/handler/auth.go:205.69,213.9 3 0
github.com/go-park-mail-ru/2026_1_NaNcats/internal/delivery/handler/auth.go:213.9,216.3 2 0
github.com/go-park-mail-ru/2026_1_NaNcats/internal/delivery/handler/auth.go:218.2,219.16 2 0
github.com/go-park-mail-ru/2026_1_NaNcats/internal/delivery/handler/auth.go:219.16,222.3 2 0
github.com/go-park-mail-ru/2026_1_NaNcats/internal/delivery/handler/auth.go:224.2,229.39 2 0
github.com/go-park-mail-ru/2026_1_NaNcats/internal/delivery/handler/image.go:15.62,19.2 1 0
github.com/go-park-mail-ru/2026_1_NaNcats/internal/delivery/handler/image.go:21.73,27.16 4 0
github.com/go-park-mail-ru/2026_1_NaNcats/internal/delivery/handler/image.go:27.16,30.3 2 0
github.com/go-park-mail-ru/2026_1_NaNcats/internal/delivery/handler/image.go:32.2,34.21 3 0
github.com/go-park-mail-ru/2026_1_NaNcats/internal/delivery/handler/restaurant.go:26.93,30.2 1 0
github.com/go-park-mail-ru/2026_1_NaNcats/internal/delivery/handler/restaurant.go:32.98,41.48 4 0
github.com/go-park-mail-ru/2026_1_NaNcats/internal/delivery/handler/restaurant.go:41.48,42.62 1 0
github.com/go-park-mail-ru/2026_1_NaNcats/internal/delivery/handler/restaurant.go:42.62,44.4 1 0
github.com/go-park-mail-ru/2026_1_NaNcats/internal/delivery/handler/restaurant.go:48.2,48.51 1 0
github.com/go-park-mail-ru/2026_1_NaNcats/internal/delivery/handler/restaurant.go:48.51,49.63 1 0
github.com/go-park-mail-ru/2026_1_NaNcats/internal/delivery/handler/restaurant.go:49.63,51.4 1 0
github.com/go-park-mail-ru/2026_1_NaNcats/internal/delivery/handler/restaurant.go:54.2,59.59 4 0
github.com/go-park-mail-ru/2026_1_NaNcats/internal/delivery/handler/restaurant.go:59.59,68.3 2 0
github.com/go-park-mail-ru/2026_1_NaNcats/internal/delivery/handler/restaurant.go:70.2,74.39 2 0
github.com/go-park-mail-ru/2026_1_NaNcats/pkg/request/json.go:20.41,31.42 4 0
github.com/go-park-mail-ru/2026_1_NaNcats/pkg/request/json.go:31.42,37.10 4 0
github.com/go-park-mail-ru/2026_1_NaNcats/pkg/request/json.go:39.37,40.80 1 0
github.com/go-park-mail-ru/2026_1_NaNcats/pkg/request/json.go:43.44,44.25 1 0
github.com/go-park-mail-ru/2026_1_NaNcats/pkg/request/json.go:47.44,49.38 1 0
github.com/go-park-mail-ru/2026_1_NaNcats/pkg/request/json.go:49.38,51.5 1 0
github.com/go-park-mail-ru/2026_1_NaNcats/pkg/request/json.go:52.4,52.14 1 0
github.com/go-park-mail-ru/2026_1_NaNcats/pkg/request/json.go:55.31,56.23 1 0
github.com/go-park-mail-ru/2026_1_NaNcats/pkg/request/json.go:59.39,60.26 1 0
github.com/go-park-mail-ru/2026_1_NaNcats/pkg/request/json.go:62.11,63.14 1 0
github.com/go-park-mail-ru/2026_1_NaNcats/pkg/request/json.go:68.2,69.19 2 0
github.com/go-park-mail-ru/2026_1_NaNcats/pkg/request/json.go:69.19,71.3 1 0
github.com/go-park-mail-ru/2026_1_NaNcats/pkg/request/json.go:72.2,72.12 1 0
github.com/go-park-mail-ru/2026_1_NaNcats/pkg/response/cookie.go:8.80,18.2 1 0
github.com/go-park-mail-ru/2026_1_NaNcats/pkg/response/json.go:15.60,23.17 3 0
github.com/go-park-mail-ru/2026_1_NaNcats/pkg/response/json.go:23.17,25.3 1 0
github.com/go-park-mail-ru/2026_1_NaNcats/pkg/response/json.go:28.2,28.56 1 0
github.com/go-park-mail-ru/2026_1_NaNcats/pkg/response/json.go:28.56,30.3 1 0
github.com/go-park-mail-ru/2026_1_NaNcats/pkg/response/json.go:34.67,41.2 2 0
